TN:
SF:nrt_time_utils\time_utils.py
DA:1,1,p7hNY1S5rX9QtYADf+cK4g
DA:3,1,4KXOIu0EzlFAqlH6QJ+whA
DA:4,1,WpEjgxacqgxANZhpobgHYQ
DA:6,1,qH2eUuuuwPvP88G1BShixQ
DA:8,1,nM52Cmq+Dfr0QdshfBLxEw
DA:10,1,1zID95kMdlbhEkwlAMeL6A
DA:11,1,GZaU2MA/lmSpM8HOCNvMCw
DA:12,1,iaRV1Idl+S4/tMSz0zz4VQ
DA:13,1,rU4RJ+BKy1LYqOB8X97oPw
DA:14,1,ek0kIhwcgzzUVZvOXP6rhw
DA:15,1,ChFv4dDnfLSCVUxGejJKPw
DA:16,1,8T6HH6yXpByP/YbAainxog
DA:17,1,JbXpxh/3cx4A4qzi4Pdxxw
DA:18,1,UbN2cLC9VB1JaBKuYkxZ9g
DA:19,1,FVmuGXcwnoVvlHJbbu1hQg
DA:21,1,Rx6Vadl766ftdYkSZhf2sA
DA:22,1,udBChpySw+S734LWvqjv4Q
DA:24,1,RnB7tmm9cymYESPAsZ3AsQ
DA:25,1,nClQCKfj0CIU+P95E6rCAA
DA:26,1,sbge8AvBuIM8UOnWIykqDA
DA:27,1,ySh6ttITDMAT/gnZymSPjQ
DA:30,1,AUT1LOPWaCSaHrlQ/ESVzA
DA:32,1,Nnqu9X+lU2lagW39QNhFWA
DA:33,1,VfEcGvrN5aqoFqhF5pY33A
DA:36,1,vE9YbNgPOcn8m1mPk3oKww
DA:38,1,Nnqu9X+lU2lagW39QNhFWA
DA:39,1,7GFbYmn2O45WnqGbuiSUNA
DA:41,1,AQewSK2hbXKbf5JaQFBJxw
DA:44,1,Nnqu9X+lU2lagW39QNhFWA
DA:45,1,Bv63b9A1E9rz3an5+J0ddw
DA:46,1,+MzNJE1bOWHCxwGdd9BP9Q
DA:48,1,AQewSK2hbXKbf5JaQFBJxw
DA:52,1,KxgaGtJPkScc4OG7mJ59vg
DA:53,1,Jv4TwR8VOyXvi6+ra+yRQg
DA:56,1,JyYIMHkLcybY8zJ19mkagQ
DA:58,1,ozzuB1g5nJyYWAKCluW9Dw
DA:59,1,bNK+QP6/vAt9ptx/Z9vo3A
DA:60,1,1onBrDiidyqEz3iQSAb3Jg
DA:62,1,d+7KJY/wuQccv/g7sSMpGg
DA:64,1,KxgaGtJPkScc4OG7mJ59vg
DA:65,1,9ddqofcKQ+VT6jj24P6UvQ
DA:66,1,5EENDgC23WgLKYrcYeNi/Q
DA:68,1,KxgaGtJPkScc4OG7mJ59vg
DA:69,1,qDcZPUgNYrqbemvYKCXYmQ
DA:70,1,hPYrdGbw2OdTVEt4LX1reQ
DA:72,1,Nnqu9X+lU2lagW39QNhFWA
DA:73,1,Tq/vQEk/6KD8+Mz3Ebq/9g
DA:74,1,bXov9SMGaMMzUMYmk5Dh7A
DA:75,1,V1g4wnZfCN2+8VggOwFQUA
DA:76,1,ueQ2irGmZTPOl9VXXT7qQA
DA:78,1,Nnqu9X+lU2lagW39QNhFWA
DA:79,1,Zo+cbk1t6q906KZ0bx1yPA
DA:80,1,bXov9SMGaMMzUMYmk5Dh7A
DA:81,1,K1u+lBdLbwH+ynxNznMd6A
DA:82,1,hgCNF+kc64KUbm23USgvdQ
DA:84,1,KxgaGtJPkScc4OG7mJ59vg
DA:85,1,LUZwNijJWGASMQUtdmUykQ
DA:86,1,7YZCfHct6+zZKjsUa8ZGHw
DA:88,1,ldth90kiWqGuZWpwi0/taw
DA:89,1,Rzz5ww3iqWSLAQ0xOivq6A
DA:91,1,xjcDBnSwra0OiNOAYAwoHA
DA:92,1,FEL7Fs+LIRNfH0k9wFU3Aw
DA:93,1,9Gt5dJTYYUY2ufHenbos9g
DA:94,1,p8b3NuzjVJJliF8p1j9JJg
DA:96,1,Nnqu9X+lU2lagW39QNhFWA
DA:97,1,DoWp0egwewL+bxcZD+TZ9Q
DA:98,1,7YZCfHct6+zZKjsUa8ZGHw
DA:100,1,ldth90kiWqGuZWpwi0/taw
DA:101,1,wHCCjNEDvyeVfWO7z6k7Aw
DA:103,1,tDxVjNIzuCyhxfU4JYXgZA
DA:104,1,EfZnICg/wUfe1VxcjIl2lA
DA:105,1,GCDni4HnTNMOJfXKuXUjLg
DA:107,1,4PhkJcfCE66+55wWT2heDg
DA:109,1,FCCqbhFcJcn008ij3yBSOQ
DA:111,1,KxgaGtJPkScc4OG7mJ59vg
DA:112,1,ZqaNQYTYc3+c3WCGfJYy4w
DA:113,1,OaDjpkCcsNle49KHB+xtTQ
DA:115,1,Nnqu9X+lU2lagW39QNhFWA
DA:116,1,RDAtqRcp2sJxT5D5XBs7kQ
DA:117,1,KOeP/4hRSnJ8opBdc8lWZw
DA:119,1,KxgaGtJPkScc4OG7mJ59vg
DA:120,1,w5DVlCuvmuC5dVN0PB4i0g
DA:121,1,xjcDBnSwra0OiNOAYAwoHA
DA:122,1,CSBVQgsigOPm967DFaU36g
DA:123,1,MQAw7ryZXIqoa+XVvQuYKQ
DA:124,1,kycMaH6XbPuAfUpgfG1Lbg
DA:126,1,eJ6zrxnLWn/k18a2vHOhRA
DA:128,1,Nnqu9X+lU2lagW39QNhFWA
DA:129,1,38f/hSi457mDv/0NIulpaA
DA:130,1,PwX2ogwnwvmd8WbX8H2RFA
DA:131,1,zgZSwl9I6qnSqaLAQ8/vbw
DA:133,1,vuh9SvBx3gXG3AH95Q9NmA
DA:134,1,btHQHAyaTztLj4zd7VZq3g
DA:135,1,fMBT/9P324VjNGEzacfU4Q
DA:137,0,yRLmRCS52ICQ/oUUix1XmQ
LF:95
LH:94
BRDA:32,0,0,1
BRDA:33,0,1,1
BRDA:38,0,2,1
BRDA:38,1,0,1
BRDA:39,1,1,1
BRDA:44,1,2,1
BRDA:44,2,0,1
BRDA:52,2,1,1
BRDA:52,3,0,1
BRDA:53,3,1,1
BRDA:64,3,2,1
BRDA:59,4,0,1
BRDA:62,4,1,1
BRDA:64,5,0,1
BRDA:68,5,1,1
BRDA:68,6,0,1
BRDA:72,6,1,1
BRDA:72,7,0,1
BRDA:78,7,1,1
BRDA:78,8,0,1
BRDA:84,8,1,1
BRDA:84,9,0,1
BRDA:96,9,1,1
BRDA:89,10,0,1
BRDA:91,10,1,1
BRDA:96,11,0,1
BRDA:111,11,1,1
BRDA:101,12,0,1
BRDA:103,12,1,1
BRDA:104,13,0,1
BRDA:107,13,1,1
BRDA:103,14,0,1
BRDA:105,14,1,1
BRDA:111,15,0,1
BRDA:115,15,1,1
BRDA:115,16,0,1
BRDA:119,16,1,1
BRDA:119,17,0,1
BRDA:128,17,1,1
BRDA:0,18,0,1
BRDA:128,18,1,1
BRDA:137,19,0,-
BRDA:134,19,1,1
BRDA:133,20,0,-
BRDA:135,20,1,1
BRF:42
BRH:40
end_of_record
TN:
SF:nrt_time_utils\timer.py
DA:1,1,o7XN3CMj67n397EmDP0M3w
DA:2,1,8/DPjtWdo8z1/SINFFKe8w
DA:3,1,7HpIEQVf5K0efdTzo05mJg
DA:4,1,u1AtizQ5LbMrQG/W4zuRvA
DA:5,1,jEc91tz0B1b2beSYnS+UDQ
DA:7,1,az+eo3MsNk0YHol3B37mAA
DA:10,1,CT9XrugR0VmgtyLiirko8A
DA:11,1,7dd0CM+i+bwYlxSPZfpbHQ
DA:12,1,hp1mqDQvmQzJIXzPEEraEw
DA:13,1,jo+F3s0pHjYgXv0rIyLz4A
DA:14,1,2r3TuUw9GnW1vwG7mLowkQ
DA:15,1,HD+GYscOLfdwy6HSG4CpZw
DA:16,1,H/YgV451kK7pG0eL12gZEA
DA:18,1,HmADa1g/W1C2Vo9Wm4sNNA
DA:19,1,cDmWDDlBtLoUvsg05fS8Tg
DA:20,1,vGMEK0xl7/bZOynip/TSsA
DA:22,1,mnoV0T4hEkr2W8HjAfJidA
DA:23,1,L4z2Hl8ESlOFdh0K4mvu1g
DA:24,1,ackOWdJx2/IgtB/ELuvQJg
DA:26,1,EjC/gawtwBpIMue7fIQcCw
DA:27,1,zp0JiBQvLCJD2JeHQyWT1Q
DA:29,1,bOyQdecU1ivV6ajEz4tfhg
DA:31,1,tIIF6WS8hyURvHsmDpdDWg
DA:32,1,q3fRGQwXTkVUqqOuN9S5KQ
DA:34,1,M1PxRBbO5YFINBVhUbMlsg
DA:35,1,AQewSK2hbXKbf5JaQFBJxw
DA:41,1,LVqsBBm72ZqdF2gUqMXkxQ
DA:42,1,ozplNewjVx74J2TRoCc3EQ
DA:44,1,UG5Qlxvkc3FBEQYQiwitCw
DA:45,1,hmdn9GHzUqhkVMoPqu9fgA
DA:48,1,Eg4wFKvBfZrCk/+XZ2BGxA
DA:49,1,8TGhY7VhpOtSEFg974DQ8A
DA:52,1,PvyKrodL66larwinbsYIGQ
DA:54,1,/iPzDp9yVOx3jTbkS43XOA
DA:57,1,i7pA1lEzQfzskFDCWz2tIw
DA:58,1,mH4b1tPd0KmXpmlab4ATYg
DA:61,1,zIeqred2Pcq3/dTwttTeyQ
DA:63,1,9IPLxtc1vDI7L/FdpvIr0g
DA:66,1,69pPWQl+Gkl6zGjjQC7g8A
DA:67,1,xG12frbi+PkYIgm43bg3IA
DA:69,1,KE9+Cfydhzbh5M7BYLNzqQ
DA:72,1,vYHCXEAHJGk2NzzojzAzWw
DA:73,1,xG12frbi+PkYIgm43bg3IA
DA:74,1,YDb0qv4iubaA6o4kXV6FiA
DA:77,1,5HXu08WREusYNojrjfiqng
DA:78,1,y0UQFRk6wDSHi8AxDuphyA
DA:79,1,4H+TZ36bLlxAaRu8ubNE+w
DA:81,1,B/Fo9U4/nMeRNS1JjGZVyQ
DA:82,1,Md1Y7jhUbDnaYnCzcstxyA
DA:83,1,vy6CgW37KXB6tZmtM5IONw
DA:84,1,zSoW1bskUSKxEUj0ZARxJw
DA:85,1,JwNO5KgLOrbylFZ5bNVakg
DA:86,1,cHUnqctannKHhiTWF980qQ
DA:88,1,eobo+EusoqCZHKUb+tqkBg
DA:89,1,ki7GyleGuvhFaHL1XfrlMA
DA:91,1,LYHrOHp54huxyJCuW7M7Tw
DA:94,1,FmmTdu9ccoOA8no/gHmjWg
DA:96,1,smpWyswkw7NKktthtWYdKA
DA:98,1,Aw4HuP1ovighEUb8KZ6VdA
DA:99,1,KkqaTsjAStkgJ4oVdS3VAA
DA:101,1,XUE89HqZNS9dKF2z5K+WTA
DA:102,1,UqAtAY9QnvDzjDameUdPqw
DA:103,1,frzPX52hxnGEVvvqWnCM1g
DA:104,1,QiztMXKHGLNv/9IiyNpGEQ
DA:106,1,5hzbnA2qPC/vXv2nFulpWg
DA:107,1,W76pnM518ab1OCd9Ef8wNg
DA:108,1,KWHp4eeeyFaXMoUC4ymrOg
DA:109,1,HGs70ZhbpGr7mf4nJyO9CA
DA:111,1,w3dql4V0Mi4WbdnskeT0Ww
DA:113,1,he+sa0SUsE3/paa2kXZFaQ
DA:114,1,LAQXMuKLSOvfYPyeEz6Xiw
DA:116,1,Zv0BJSTvuNq9ymeB0u4i3g
DA:117,1,mWegUnq3zam05bfMhhdUmg
DA:119,1,Hq93KNOsv5x6vyV5IUGuKg
DA:121,1,bYkvrvdfY9dc2JMPkr+OGg
DA:123,1,Xuzd30kQt7GnkjDj9eFrMw
LF:76
LH:76
BRDA:11,0,0,1
BRDA:12,0,1,1
BRDA:18,1,0,1
BRDA:22,1,1,1
BRDA:0,2,0,1
BRDA:32,2,1,1
BRDA:0,3,0,1
BRDA:69,3,1,1
BRDA:0,4,0,1
BRDA:74,4,1,1
BRDA:89,5,0,1
BRDA:91,5,1,1
BRDA:102,6,0,1
BRDA:116,6,1,1
BRDA:107,7,0,1
BRDA:116,7,1,1
BRDA:108,8,0,1
BRDA:113,8,1,1
BRDA:109,9,0,1
BRDA:111,9,1,1
BRDA:106,10,0,1
BRDA:114,10,1,1
BRDA:117,11,0,1
BRDA:119,11,1,1
BRF:24
BRH:24
end_of_record
TN:
SF:nrt_time_utils\timezone.py
DA:3,1,oSsHGNjqMJ8FUHMgKHHkeQ
LF:1
LH:1
BRF:0
BRH:0
end_of_record
