TN:
SF:nrt_time_utils\time_utils.py
DA:1,1,4KXOIu0EzlFAqlH6QJ+whA
DA:2,1,WpEjgxacqgxANZhpobgHYQ
DA:4,1,qH2eUuuuwPvP88G1BShixQ
DA:6,1,nM52Cmq+Dfr0QdshfBLxEw
DA:8,1,1zID95kMdlbhEkwlAMeL6A
DA:9,1,iaRV1Idl+S4/tMSz0zz4VQ
DA:10,1,ek0kIhwcgzzUVZvOXP6rhw
DA:11,1,8T6HH6yXpByP/YbAainxog
DA:12,1,UbN2cLC9VB1JaBKuYkxZ9g
DA:13,1,FVmuGXcwnoVvlHJbbu1hQg
DA:15,1,Rx6Vadl766ftdYkSZhf2sA
DA:16,1,udBChpySw+S734LWvqjv4Q
DA:18,1,RnB7tmm9cymYESPAsZ3AsQ
DA:19,1,nClQCKfj0CIU+P95E6rCAA
DA:20,1,sbge8AvBuIM8UOnWIykqDA
DA:21,1,ySh6ttITDMAT/gnZymSPjQ
DA:24,1,AUT1LOPWaCSaHrlQ/ESVzA
DA:26,1,Nnqu9X+lU2lagW39QNhFWA
DA:27,1,VfEcGvrN5aqoFqhF5pY33A
DA:30,1,6KllH77GN6B97UPyd6tT+A
DA:32,1,KxgaGtJPkScc4OG7mJ59vg
DA:33,1,KNwd7c9U1y1S+VWSWYpCLA
DA:34,1,AQewSK2hbXKbf5JaQFBJxw
DA:38,1,KxgaGtJPkScc4OG7mJ59vg
DA:39,1,Jv4TwR8VOyXvi6+ra+yRQg
DA:42,1,T8fbCaoStBkQMYRzmADGLw
DA:44,1,KxgaGtJPkScc4OG7mJ59vg
DA:45,1,9ddqofcKQ+VT6jj24P6UvQ
DA:46,1,5EENDgC23WgLKYrcYeNi/Q
DA:48,1,KxgaGtJPkScc4OG7mJ59vg
DA:49,1,qDcZPUgNYrqbemvYKCXYmQ
DA:50,1,hPYrdGbw2OdTVEt4LX1reQ
DA:52,1,KxgaGtJPkScc4OG7mJ59vg
DA:53,1,QL/cLGCJkSRw25/D1X6tCA
DA:54,1,7YZCfHct6+zZKjsUa8ZGHw
DA:56,1,ldth90kiWqGuZWpwi0/taw
DA:57,1,wHCCjNEDvyeVfWO7z6k7Aw
DA:59,1,14O4PH6b3mZyY6xs+vvAIA
DA:60,1,jKtGLnp4nE2LsKrKNpqoDg
DA:61,1,A1F0BEn8V17ccFUiZOyndw
DA:63,1,xjcDBnSwra0OiNOAYAwoHA
DA:64,1,hCAfk7x+EpI1OR1PJRZTyw
DA:65,1,9Gt5dJTYYUY2ufHenbos9g
DA:66,1,p8b3NuzjVJJliF8p1j9JJg
DA:68,1,g5sCbcAqRNef1lXSI+wDGw
DA:70,1,KxgaGtJPkScc4OG7mJ59vg
DA:71,1,ZqaNQYTYc3+c3WCGfJYy4w
DA:72,1,OaDjpkCcsNle49KHB+xtTQ
DA:74,1,Nnqu9X+lU2lagW39QNhFWA
DA:75,1,RDAtqRcp2sJxT5D5XBs7kQ
DA:76,1,KOeP/4hRSnJ8opBdc8lWZw
DA:78,1,KxgaGtJPkScc4OG7mJ59vg
DA:79,1,w5DVlCuvmuC5dVN0PB4i0g
DA:80,1,xjcDBnSwra0OiNOAYAwoHA
DA:81,1,CSBVQgsigOPm967DFaU36g
DA:82,1,MQAw7ryZXIqoa+XVvQuYKQ
DA:83,1,kycMaH6XbPuAfUpgfG1Lbg
DA:85,1,eJ6zrxnLWn/k18a2vHOhRA
LF:58
LH:58
BRDA:26,0,0,1
BRDA:27,0,1,1
BRDA:32,0,2,1
BRDA:32,1,0,1
BRDA:38,1,1,1
BRDA:38,2,0,1
BRDA:39,2,1,1
BRDA:44,2,2,1
BRDA:44,3,0,1
BRDA:48,3,1,1
BRDA:48,4,0,1
BRDA:52,4,1,1
BRDA:52,5,0,1
BRDA:70,5,1,1
BRDA:57,6,0,1
BRDA:59,6,1,1
BRDA:60,7,0,1
BRDA:63,7,1,1
BRDA:59,8,0,1
BRDA:61,8,1,1
BRDA:70,9,0,1
BRDA:74,9,1,1
BRDA:74,10,0,1
BRDA:78,10,1,1
BRDA:0,11,0,1
BRDA:78,11,1,1
BRF:24
BRH:24
end_of_record
TN:
SF:nrt_time_utils\timer.py
DA:1,1,o7XN3CMj67n397EmDP0M3w
DA:2,1,8/DPjtWdo8z1/SINFFKe8w
DA:3,1,7HpIEQVf5K0efdTzo05mJg
DA:4,1,u1AtizQ5LbMrQG/W4zuRvA
DA:5,1,jEc91tz0B1b2beSYnS+UDQ
DA:7,1,az+eo3MsNk0YHol3B37mAA
DA:10,1,CT9XrugR0VmgtyLiirko8A
DA:11,1,7dd0CM+i+bwYlxSPZfpbHQ
DA:12,1,hp1mqDQvmQzJIXzPEEraEw
DA:13,1,jo+F3s0pHjYgXv0rIyLz4A
DA:14,1,2r3TuUw9GnW1vwG7mLowkQ
DA:15,1,HD+GYscOLfdwy6HSG4CpZw
DA:16,1,H/YgV451kK7pG0eL12gZEA
DA:18,1,HmADa1g/W1C2Vo9Wm4sNNA
DA:19,1,cDmWDDlBtLoUvsg05fS8Tg
DA:20,1,vGMEK0xl7/bZOynip/TSsA
DA:22,1,mnoV0T4hEkr2W8HjAfJidA
DA:23,1,L4z2Hl8ESlOFdh0K4mvu1g
DA:24,1,ackOWdJx2/IgtB/ELuvQJg
DA:26,1,EjC/gawtwBpIMue7fIQcCw
DA:27,1,zp0JiBQvLCJD2JeHQyWT1Q
DA:29,1,bOyQdecU1ivV6ajEz4tfhg
DA:31,1,tIIF6WS8hyURvHsmDpdDWg
DA:32,1,q3fRGQwXTkVUqqOuN9S5KQ
DA:34,1,M1PxRBbO5YFINBVhUbMlsg
DA:35,1,AQewSK2hbXKbf5JaQFBJxw
DA:41,1,LVqsBBm72ZqdF2gUqMXkxQ
DA:42,1,ozplNewjVx74J2TRoCc3EQ
DA:44,1,UG5Qlxvkc3FBEQYQiwitCw
DA:45,1,hmdn9GHzUqhkVMoPqu9fgA
DA:48,1,Eg4wFKvBfZrCk/+XZ2BGxA
DA:49,1,8TGhY7VhpOtSEFg974DQ8A
DA:52,1,PvyKrodL66larwinbsYIGQ
DA:54,1,/iPzDp9yVOx3jTbkS43XOA
DA:57,1,i7pA1lEzQfzskFDCWz2tIw
DA:58,1,mH4b1tPd0KmXpmlab4ATYg
DA:61,1,zIeqred2Pcq3/dTwttTeyQ
DA:63,1,9IPLxtc1vDI7L/FdpvIr0g
DA:66,1,69pPWQl+Gkl6zGjjQC7g8A
DA:69,1,xG12frbi+PkYIgm43bg3IA
DA:70,1,KE9+Cfydhzbh5M7BYLNzqQ
DA:73,1,vYHCXEAHJGk2NzzojzAzWw
DA:74,1,xG12frbi+PkYIgm43bg3IA
DA:75,1,YDb0qv4iubaA6o4kXV6FiA
DA:78,1,5HXu08WREusYNojrjfiqng
DA:79,1,y0UQFRk6wDSHi8AxDuphyA
DA:80,1,4H+TZ36bLlxAaRu8ubNE+w
DA:82,1,B/Fo9U4/nMeRNS1JjGZVyQ
DA:83,1,Md1Y7jhUbDnaYnCzcstxyA
DA:84,1,vy6CgW37KXB6tZmtM5IONw
DA:85,1,zSoW1bskUSKxEUj0ZARxJw
DA:86,1,JwNO5KgLOrbylFZ5bNVakg
DA:87,1,cHUnqctannKHhiTWF980qQ
DA:89,1,eobo+EusoqCZHKUb+tqkBg
DA:90,1,ki7GyleGuvhFaHL1XfrlMA
DA:92,1,LYHrOHp54huxyJCuW7M7Tw
DA:95,1,FmmTdu9ccoOA8no/gHmjWg
DA:97,1,smpWyswkw7NKktthtWYdKA
DA:99,1,Aw4HuP1ovighEUb8KZ6VdA
DA:100,1,KkqaTsjAStkgJ4oVdS3VAA
DA:102,1,XUE89HqZNS9dKF2z5K+WTA
DA:105,1,UqAtAY9QnvDzjDameUdPqw
DA:106,1,frzPX52hxnGEVvvqWnCM1g
DA:107,1,QiztMXKHGLNv/9IiyNpGEQ
DA:109,1,5hzbnA2qPC/vXv2nFulpWg
DA:110,1,W76pnM518ab1OCd9Ef8wNg
DA:111,1,KWHp4eeeyFaXMoUC4ymrOg
DA:112,1,HGs70ZhbpGr7mf4nJyO9CA
DA:114,1,w3dql4V0Mi4WbdnskeT0Ww
DA:116,1,he+sa0SUsE3/paa2kXZFaQ
DA:117,1,LAQXMuKLSOvfYPyeEz6Xiw
DA:119,1,Zv0BJSTvuNq9ymeB0u4i3g
DA:120,1,mWegUnq3zam05bfMhhdUmg
DA:122,1,Hq93KNOsv5x6vyV5IUGuKg
DA:124,1,bYkvrvdfY9dc2JMPkr+OGg
DA:126,1,Xuzd30kQt7GnkjDj9eFrMw
LF:76
LH:76
BRDA:11,0,0,1
BRDA:12,0,1,1
BRDA:18,1,0,1
BRDA:22,1,1,1
BRDA:0,2,0,1
BRDA:32,2,1,1
BRDA:0,3,0,1
BRDA:70,3,1,1
BRDA:0,4,0,1
BRDA:75,4,1,1
BRDA:90,5,0,1
BRDA:92,5,1,1
BRDA:105,6,0,1
BRDA:119,6,1,1
BRDA:110,7,0,1
BRDA:119,7,1,1
BRDA:111,8,0,1
BRDA:116,8,1,1
BRDA:112,9,0,1
BRDA:114,9,1,1
BRDA:109,10,0,1
BRDA:117,10,1,1
BRDA:120,11,0,1
BRDA:122,11,1,1
BRF:24
BRH:24
end_of_record
TN:
SF:nrt_time_utils\timezone.py
DA:3,1,oSsHGNjqMJ8FUHMgKHHkeQ
LF:1
LH:1
BRF:0
BRH:0
end_of_record
